RDMA Service is starting!
server_fd is 7
RDMA CCFd: 5
litener sock fd is 7
srv_unix_sock: 8
RDMASrv::New
shareRegionAddr : 0x7fde0203f000, size is: 4096
stream_fd is: 11
after create qp
ctrlChann is null
ctrlChann is not null
add stream fd
RDMAConn::Notify 1
RDMAConn::Notify 2
RDMAConn::Notify 3
ctrlChann is not null
RecvRemoteRDMAInfo. raddr: 140336004911104, rlen: 65536, rkey: 379047
RDMAConn::Notify 1
RDMAConn::Notify 2
add unix sock fd: 12
UnixDomainSocketConnect
cnt: 4
init!!
Error to read fds: IOError("ReadWithFds io::error is EAGAIN")
